[1119/181315.694:ERROR:process_memory_win.cc(73)] ReadMemory at 0x1e36d3ea7c0 of 72 bytes failed: Seule une partie d’une requête ReadProcessMemory ou WriteProcessMemory a été effectuée. (0x12B)
[1119/181315.694:WARNING:pe_image_annotations_reader.cc(135)] could not read annotations list object in C:\Program Files (x86)\BraveSoftware\Brave-Browser\Application\86.1.16.76\chrome_elf.dll
[1119/181315.694:ERROR:process_memory_win.cc(73)] ReadMemory at 0x1e36d4ceb60 of 72 bytes failed: Seule une partie d’une requête ReadProcessMemory ou WriteProcessMemory a été effectuée. (0x12B)
[1119/181315.694:WARNING:pe_image_annotations_reader.cc(135)] could not read annotations list object in C:\Program Files (x86)\BraveSoftware\Brave-Browser\Application\86.1.16.76\chrome.dll
[1119/181315.701:ERROR:process_memory_win.cc(73)] ReadMemory at 0x1e36d3ea7c0 of 72 bytes failed: Seule une partie d’une requête ReadProcessMemory ou WriteProcessMemory a été effectuée. (0x12B)
[1119/181315.701:WARNING:pe_image_annotations_reader.cc(135)] could not read annotations list object in C:\Program Files (x86)\BraveSoftware\Brave-Browser\Application\86.1.16.76\chrome_elf.dll
[1119/181315.701:ERROR:process_memory_win.cc(73)] ReadMemory at 0x1e36d4ceb60 of 72 bytes failed: Seule une partie d’une requête ReadProcessMemory ou WriteProcessMemory a été effectuée. (0x12B)
[1119/181315.701:WARNING:pe_image_annotations_reader.cc(135)] could not read annotations list object in C:\Program Files (x86)\BraveSoftware\Brave-Browser\Application\86.1.16.76\chrome.dll
[1119/181315.702:ERROR:process_memory_win.cc(73)] ReadMemory at 0x1e36d3ea7c0 of 72 bytes failed: Seule une partie d’une requête ReadProcessMemory ou WriteProcessMemory a été effectuée. (0x12B)
[1119/181315.702:WARNING:pe_image_annotations_reader.cc(135)] could not read annotations list object in C:\Program Files (x86)\BraveSoftware\Brave-Browser\Application\86.1.16.76\chrome_elf.dll
[1119/181315.702:ERROR:process_memory_win.cc(73)] ReadMemory at 0x1e36d4ceb60 of 72 bytes failed: Seule une partie d’une requête ReadProcessMemory ou WriteProcessMemory a été effectuée. (0x12B)
[1119/181315.702:WARNING:pe_image_annotations_reader.cc(135)] could not read annotations list object in C:\Program Files (x86)\BraveSoftware\Brave-Browser\Application\86.1.16.76\chrome.dll
[1119/181315.710:ERROR:process_memory_win.cc(73)] ReadMemory at 0xc0951ec000 of 81920 bytes failed: Seule une partie d’une requête ReadProcessMemory ou WriteProcessMemory a été effectuée. (0x12B)
[1119/181315.711:ERROR:process_memory_win.cc(73)] ReadMemory at 0xc0959fe000 of 8192 bytes failed: Seule une partie d’une requête ReadProcessMemory ou WriteProcessMemory a été effectuée. (0x12B)
[1119/181315.711:ERROR:process_memory_win.cc(73)] ReadMemory at 0xc0961fe000 of 8192 bytes failed: Seule une partie d’une requête ReadProcessMemory ou WriteProcessMemory a été effectuée. (0x12B)
[1119/181315.711:ERROR:process_memory_win.cc(73)] ReadMemory at 0xc0969fe000 of 8192 bytes failed: Seule une partie d’une requête ReadProcessMemory ou WriteProcessMemory a été effectuée. (0x12B)
[1119/181315.711:ERROR:process_memory_win.cc(73)] ReadMemory at 0xc0971fd000 of 12288 bytes failed: Seule une partie d’une requête ReadProcessMemory ou WriteProcessMemory a été effectuée. (0x12B)
[1119/181315.711:ERROR:process_memory_win.cc(73)] ReadMemory at 0xc0979ff000 of 4096 bytes failed: Seule une partie d’une requête ReadProcessMemory ou WriteProcessMemory a été effectuée. (0x12B)
[1119/181315.711:ERROR:process_memory_win.cc(73)] ReadMemory at 0xc0981fe000 of 8192 bytes failed: Seule une partie d’une requête ReadProcessMemory ou WriteProcessMemory a été effectuée. (0x12B)
[1119/181315.711:ERROR:process_memory_win.cc(73)] ReadMemory at 0xc0989fe000 of 8192 bytes failed: Seule une partie d’une requête ReadProcessMemory ou WriteProcessMemory a été effectuée. (0x12B)
[1119/181315.711:ERROR:process_memory_win.cc(73)] ReadMemory at 0xc0991fe000 of 8192 bytes failed: Seule une partie d’une requête ReadProcessMemory ou WriteProcessMemory a été effectuée. (0x12B)
[1119/181315.711:ERROR:process_memory_win.cc(73)] ReadMemory at 0xc0999fe000 of 8192 bytes failed: Seule une partie d’une requête ReadProcessMemory ou WriteProcessMemory a été effectuée. (0x12B)
[1119/181315.711:ERROR:process_memory_win.cc(73)] ReadMemory at 0xc09a1fe000 of 8192 bytes failed: Seule une partie d’une requête ReadProcessMemory ou WriteProcessMemory a été effectuée. (0x12B)
[1119/181315.711:ERROR:process_memory_win.cc(73)] ReadMemory at 0xc09a9fe000 of 8192 bytes failed: Seule une partie d’une requête ReadProcessMemory ou WriteProcessMemory a été effectuée. (0x12B)
[1119/181315.711:ERROR:process_memory_win.cc(73)] ReadMemory at 0xc09b1fe000 of 8192 bytes failed: Seule une partie d’une requête ReadProcessMemory ou WriteProcessMemory a été effectuée. (0x12B)
[1119/181315.711:ERROR:process_memory_win.cc(73)] ReadMemory at 0xc09b9fd000 of 12288 bytes failed: Seule une partie d’une requête ReadProcessMemory ou WriteProcessMemory a été effectuée. (0x12B)
[1119/181315.712:ERROR:process_memory_win.cc(73)] ReadMemory at 0xc09c9fc000 of 16384 bytes failed: Seule une partie d’une requête ReadProcessMemory ou WriteProcessMemory a été effectuée. (0x12B)
[1119/181315.712:ERROR:process_memory_win.cc(73)] ReadMemory at 0xc094806000 of 852 bytes failed: Seule une partie d’une requête ReadProcessMemory ou WriteProcessMemory a été effectuée. (0x12B)
[1119/181315.712:ERROR:process_memory_win.cc(73)] ReadMemory at 0xc094807000 of 6024 bytes failed: Seule une partie d’une requête ReadProcessMemory ou WriteProcessMemory a été effectuée. (0x12B)
[1119/181315.712:ERROR:process_memory_win.cc(73)] ReadMemory at 0xc094809000 of 6024 bytes failed: Seule une partie d’une requête ReadProcessMemory ou WriteProcessMemory a été effectuée. (0x12B)
[1119/181315.712:ERROR:process_memory_win.cc(73)] ReadMemory at 0xc09480b000 of 6024 bytes failed: Seule une partie d’une requête ReadProcessMemory ou WriteProcessMemory a été effectuée. (0x12B)
[1119/181315.712:ERROR:process_memory_win.cc(73)] ReadMemory at 0xc09480d000 of 6024 bytes failed: Seule une partie d’une requête ReadProcessMemory ou WriteProcessMemory a été effectuée. (0x12B)
[1119/181315.712:ERROR:process_memory_win.cc(73)] ReadMemory at 0xc09480f000 of 6024 bytes failed: Seule une partie d’une requête ReadProcessMemory ou WriteProcessMemory a été effectuée. (0x12B)
[1119/181315.712:ERROR:process_memory_win.cc(73)] ReadMemory at 0xc094811000 of 6024 bytes failed: Seule une partie d’une requête ReadProcessMemory ou WriteProcessMemory a été effectuée. (0x12B)
[1119/181315.712:ERROR:process_memory_win.cc(73)] ReadMemory at 0xc094813000 of 6024 bytes failed: Seule une partie d’une requête ReadProcessMemory ou WriteProcessMemory a été effectuée. (0x12B)
[1119/181315.712:ERROR:process_memory_win.cc(73)] ReadMemory at 0xc094815000 of 6024 bytes failed: Seule une partie d’une requête ReadProcessMemory ou WriteProcessMemory a été effectuée. (0x12B)
[1119/181315.712:ERROR:process_memory_win.cc(73)] ReadMemory at 0xc094817000 of 6024 bytes failed: Seule une partie d’une requête ReadProcessMemory ou WriteProcessMemory a été effectuée. (0x12B)
[1119/181315.712:ERROR:process_memory_win.cc(73)] ReadMemory at 0xc094819000 of 6024 bytes failed: Seule une partie d’une requête ReadProcessMemory ou WriteProcessMemory a été effectuée. (0x12B)
[1119/181315.712:ERROR:process_memory_win.cc(73)] ReadMemory at 0xc09481b000 of 6024 bytes failed: Seule une partie d’une requête ReadProcessMemory ou WriteProcessMemory a été effectuée. (0x12B)
[1119/181315.713:ERROR:process_memory_win.cc(73)] ReadMemory at 0xc09481d000 of 6024 bytes failed: Seule une partie d’une requête ReadProcessMemory ou WriteProcessMemory a été effectuée. (0x12B)
[1119/181315.713:ERROR:process_memory_win.cc(73)] ReadMemory at 0xc09481f000 of 6024 bytes failed: Seule une partie d’une requête ReadProcessMemory ou WriteProcessMemory a été effectuée. (0x12B)
[1119/181315.713:ERROR:process_memory_win.cc(73)] ReadMemory at 0xc094821000 of 6024 bytes failed: Seule une partie d’une requête ReadProcessMemory ou WriteProcessMemory a été effectuée. (0x12B)
[1119/181315.713:ERROR:process_memory_win.cc(73)] ReadMemory at 0xc094823000 of 6024 bytes failed: Seule une partie d’une requête ReadProcessMemory ou WriteProcessMemory a été effectuée. (0x12B)
[1119/181315.713:ERROR:process_memory_win.cc(73)] ReadMemory at 0x1e36d3381f4 of 512 bytes failed: Seule une partie d’une requête ReadProcessMemory ou WriteProcessMemory a été effectuée. (0x12B)
[1119/181315.713:ERROR:process_memory_win.cc(73)] ReadMemory at 0x1e36d3b0d00 of 512 bytes failed: Seule une partie d’une requête ReadProcessMemory ou WriteProcessMemory a été effectuée. (0x12B)
[1119/181315.713:ERROR:process_memory_win.cc(73)] ReadMemory at 0x1e36d3e23d0 of 1012 bytes failed: Seule une partie d’une requête ReadProcessMemory ou WriteProcessMemory a été effectuée. (0x12B)
[1119/181315.713:ERROR:process_memory_win.cc(73)] ReadMemory at 0x1e36d3e2a18 of 144 bytes failed: Seule une partie d’une requête ReadProcessMemory ou WriteProcessMemory a été effectuée. (0x12B)
[1119/181315.713:ERROR:process_memory_win.cc(73)] ReadMemory at 0x1e36d3e2aaa of 2242 bytes failed: Seule une partie d’une requête ReadProcessMemory ou WriteProcessMemory a été effectuée. (0x12B)
[1119/181315.713:ERROR:process_memory_win.cc(73)] ReadMemory at 0x1e36d3e336e of 144 bytes failed: Seule une partie d’une requête ReadProcessMemory ou WriteProcessMemory a été effectuée. (0x12B)
[1119/181315.713:ERROR:process_memory_win.cc(73)] ReadMemory at 0x1e36d3e3400 of 102 bytes failed: Seule une partie d’une requête ReadProcessMemory ou WriteProcessMemory a été effectuée. (0x12B)
[1119/181315.715:ERROR:process_memory_win.cc(73)] ReadMemory at 0x1e36d3e3480 of 58 bytes failed: Seule une partie d’une requête ReadProcessMemory ou WriteProcessMemory a été effectuée. (0x12B)
[1119/181315.715:ERROR:process_memory_win.cc(73)] ReadMemory at 0x1e36d3e3580 of 132 bytes failed: Seule une partie d’une requête ReadProcessMemory ou WriteProcessMemory a été effectuée. (0x12B)
[1119/181315.715:ERROR:process_memory_win.cc(73)] ReadMemory at 0x1e36d3e3710 of 132 bytes failed: Seule une partie d’une requête ReadProcessMemory ou WriteProcessMemory a été effectuée. (0x12B)
[1119/181315.715:ERROR:process_memory_win.cc(73)] ReadMemory at 0x1e36d3e38d0 of 148 bytes failed: Seule une partie d’une requête ReadProcessMemory ou WriteProcessMemory a été effectuée. (0x12B)
[1119/181315.715:ERROR:process_memory_win.cc(73)] ReadMemory at 0x1e36d3e3dd0 of 132 bytes failed: Seule une partie d’une requête ReadProcessMemory ou WriteProcessMemory a été effectuée. (0x12B)
[1119/181315.715:ERROR:process_memory_win.cc(73)] ReadMemory at 0x1e36d3e3f60 of 64 bytes failed: Seule une partie d’une requête ReadProcessMemory ou WriteProcessMemory a été effectuée. (0x12B)
[1119/181315.715:ERROR:process_memory_win.cc(73)] ReadMemory at 0x1e36d3e4130 of 132 bytes failed: Seule une partie d’une requête ReadProcessMemory ou WriteProcessMemory a été effectuée. (0x12B)
[1119/181315.715:ERROR:process_memory_win.cc(73)] ReadMemory at 0x1e36d3e43c0 of 132 bytes failed: Seule une partie d’une requête ReadProcessMemory ou WriteProcessMemory a été effectuée. (0x12B)
[1119/181315.716:ERROR:process_memory_win.cc(73)] ReadMemory at 0x1e36d3e4550 of 68 bytes failed: Seule une partie d’une requête ReadProcessMemory ou WriteProcessMemory a été effectuée. (0x12B)
[1119/181315.716:ERROR:process_memory_win.cc(73)] ReadMemory at 0x1e36d3e5900 of 132 bytes failed: Seule une partie d’une requête ReadProcessMemory ou WriteProcessMemory a été effectuée. (0x12B)
[1119/181315.716:ERROR:process_memory_win.cc(73)] ReadMemory at 0x1e36d3e5a90 of 176 bytes failed: Seule une partie d’une requête ReadProcessMemory ou WriteProcessMemory a été effectuée. (0x12B)
[1119/181315.716:ERROR:process_memory_win.cc(73)] ReadMemory at 0x1e36d3e6890 of 62 bytes failed: Seule une partie d’une requête ReadProcessMemory ou WriteProcessMemory a été effectuée. (0x12B)
[1119/181315.716:ERROR:process_memory_win.cc(73)] ReadMemory at 0x1e36d3e69f0 of 132 bytes failed: Seule une partie d’une requête ReadProcessMemory ou WriteProcessMemory a été effectuée. (0x12B)
[1119/181315.716:ERROR:process_memory_win.cc(73)] ReadMemory at 0x1e36d3e6b80 of 60 bytes failed: Seule une partie d’une requête ReadProcessMemory ou WriteProcessMemory a été effectuée. (0x12B)
[1119/181315.716:ERROR:process_memory_win.cc(73)] ReadMemory at 0x1e36d3ea360 of 64 bytes failed: Seule une partie d’une requête ReadProcessMemory ou WriteProcessMemory a été effectuée. (0x12B)
[1119/181315.716:ERROR:process_memory_win.cc(73)] ReadMemory at 0x1e36d3ea3b0 of 60 bytes failed: Seule une partie d’une requête ReadProcessMemory ou WriteProcessMemory a été effectuée. (0x12B)
[1119/181315.717:ERROR:process_memory_win.cc(73)] ReadMemory at 0x1e36d3ea5e0 of 62 bytes failed: Seule une partie d’une requête ReadProcessMemory ou WriteProcessMemory a été effectuée. (0x12B)
[1119/181315.717:ERROR:process_memory_win.cc(73)] ReadMemory at 0x1e36d3f01f0 of 54 bytes failed: Seule une partie d’une requête ReadProcessMemory ou WriteProcessMemory a été effectuée. (0x12B)
[1119/181315.717:ERROR:process_memory_win.cc(73)] ReadMemory at 0x1e36d3f3ba0 of 132 bytes failed: Seule une partie d’une requête ReadProcessMemory ou WriteProcessMemory a été effectuée. (0x12B)
[1119/181315.717:ERROR:process_memory_win.cc(73)] ReadMemory at 0x1e36d3f3f00 of 132 bytes failed: Seule une partie d’une requête ReadProcessMemory ou WriteProcessMemory a été effectuée. (0x12B)
[1119/181315.717:ERROR:process_memory_win.cc(73)] ReadMemory at 0x1e36d3f43b0 of 132 bytes failed: Seule une partie d’une requête ReadProcessMemory ou WriteProcessMemory a été effectuée. (0x12B)
[1119/181315.717:ERROR:process_memory_win.cc(73)] ReadMemory at 0x1e36d3f54f0 of 80 bytes failed: Seule une partie d’une requête ReadProcessMemory ou WriteProcessMemory a été effectuée. (0x12B)
[1119/181315.717:ERROR:process_memory_win.cc(73)] ReadMemory at 0x1e36d3f6040 of 132 bytes failed: Seule une partie d’une requête ReadProcessMemory ou WriteProcessMemory a été effectuée. (0x12B)
[1119/181315.717:ERROR:process_memory_win.cc(73)] ReadMemory at 0x1e36d3f61c0 of 132 bytes failed: Seule une partie d’une requête ReadProcessMemory ou WriteProcessMemory a été effectuée. (0x12B)
[1119/181315.717:ERROR:process_memory_win.cc(73)] ReadMemory at 0x1e36d3f62f0 of 132 bytes failed: Seule une partie d’une requête ReadProcessMemory ou WriteProcessMemory a été effectuée. (0x12B)
[1119/181315.717:ERROR:process_memory_win.cc(73)] ReadMemory at 0x1e36d3f6550 of 132 bytes failed: Seule une partie d’une requête ReadProcessMemory ou WriteProcessMemory a été effectuée. (0x12B)
[1119/181315.717:ERROR:process_memory_win.cc(73)] ReadMemory at 0x1e36d3f6680 of 132 bytes failed: Seule une partie d’une requête ReadProcessMemory ou WriteProcessMemory a été effectuée. (0x12B)
[1119/181315.717:ERROR:process_memory_win.cc(73)] ReadMemory at 0x1e36d3f67b0 of 132 bytes failed: Seule une partie d’une requête ReadProcessMemory ou WriteProcessMemory a été effectuée. (0x12B)
[1119/181315.718:ERROR:process_memory_win.cc(73)] ReadMemory at 0x1e36d3f68e0 of 132 bytes failed: Seule une partie d’une requête ReadProcessMemory ou WriteProcessMemory a été effectuée. (0x12B)
[1119/181315.718:ERROR:process_memory_win.cc(73)] ReadMemory at 0x1e36d3f6a10 of 132 bytes failed: Seule une partie d’une requête ReadProcessMemory ou WriteProcessMemory a été effectuée. (0x12B)
[1119/181315.718:ERROR:process_memory_win.cc(73)] ReadMemory at 0x1e36d3f6b40 of 132 bytes failed: Seule une partie d’une requête ReadProcessMemory ou WriteProcessMemory a été effectuée. (0x12B)
[1119/181315.718:ERROR:process_memory_win.cc(73)] ReadMemory at 0x1e36d3f6c70 of 132 bytes failed: Seule une partie d’une requête ReadProcessMemory ou WriteProcessMemory a été effectuée. (0x12B)
[1119/181315.718:ERROR:process_memory_win.cc(73)] ReadMemory at 0x1e36d3f6da0 of 132 bytes failed: Seule une partie d’une requête ReadProcessMemory ou WriteProcessMemory a été effectuée. (0x12B)
[1119/181315.718:ERROR:process_memory_win.cc(73)] ReadMemory at 0x1e36d3f6ed0 of 132 bytes failed: Seule une partie d’une requête ReadProcessMemory ou WriteProcessMemory a été effectuée. (0x12B)
[1119/181315.718:ERROR:process_memory_win.cc(73)] ReadMemory at 0x1e36d3f7000 of 132 bytes failed: Seule une partie d’une requête ReadProcessMemory ou WriteProcessMemory a été effectuée. (0x12B)
[1119/181315.718:ERROR:process_memory_win.cc(73)] ReadMemory at 0x1e36d3f9440 of 132 bytes failed: Seule une partie d’une requête ReadProcessMemory ou WriteProcessMemory a été effectuée. (0x12B)
[1119/181315.719:ERROR:process_memory_win.cc(73)] ReadMemory at 0x1e36d3f9760 of 132 bytes failed: Seule une partie d’une requête ReadProcessMemory ou WriteProcessMemory a été effectuée. (0x12B)
[1119/181315.719:ERROR:process_memory_win.cc(73)] ReadMemory at 0x1e36d3fac30 of 132 bytes failed: Seule une partie d’une requête ReadProcessMemory ou WriteProcessMemory a été effectuée. (0x12B)
[1119/181315.719:ERROR:process_memory_win.cc(73)] ReadMemory at 0x1e36d3fad60 of 132 bytes failed: Seule une partie d’une requête ReadProcessMemory ou WriteProcessMemory a été effectuée. (0x12B)
[1119/181315.719:ERROR:process_memory_win.cc(73)] ReadMemory at 0x1e36d3fb010 of 62 bytes failed: Seule une partie d’une requête ReadProcessMemory ou WriteProcessMemory a été effectuée. (0x12B)
[1119/181315.719:ERROR:process_memory_win.cc(73)] ReadMemory at 0x1e36d3fb100 of 66 bytes failed: Seule une partie d’une requête ReadProcessMemory ou WriteProcessMemory a été effectuée. (0x12B)
[1119/181315.719:ERROR:process_memory_win.cc(73)] ReadMemory at 0x1e36d3fb150 of 62 bytes failed: Seule une partie d’une requête ReadProcessMemory ou WriteProcessMemory a été effectuée. (0x12B)
[1119/181315.719:ERROR:process_memory_win.cc(73)] ReadMemory at 0x1e36d3fb1f0 of 64 bytes failed: Seule une partie d’une requête ReadProcessMemory ou WriteProcessMemory a été effectuée. (0x12B)
[1119/181315.719:ERROR:process_memory_win.cc(73)] ReadMemory at 0x1e36d3fb3d0 of 64 bytes failed: Seule une partie d’une requête ReadProcessMemory ou WriteProcessMemory a été effectuée. (0x12B)
[1119/181315.719:ERROR:process_memory_win.cc(73)] ReadMemory at 0x1e36d3fb470 of 60 bytes failed: Seule une partie d’une requête ReadProcessMemory ou WriteProcessMemory a été effectuée. (0x12B)
[1119/181315.719:ERROR:process_memory_win.cc(73)] ReadMemory at 0x1e36d3fb4c0 of 62 bytes failed: Seule une partie d’une requête ReadProcessMemory ou WriteProcessMemory a été effectuée. (0x12B)
[1119/181315.719:ERROR:process_memory_win.cc(73)] ReadMemory at 0x1e36d3fb5b0 of 62 bytes failed: Seule une partie d’une requête ReadProcessMemory ou WriteProcessMemory a été effectuée. (0x12B)
[1119/181315.719:ERROR:process_memory_win.cc(73)] ReadMemory at 0x1e36d3fb600 of 66 bytes failed: Seule une partie d’une requête ReadProcessMemory ou WriteProcessMemory a été effectuée. (0x12B)
[1119/181315.719:ERROR:process_memory_win.cc(73)] ReadMemory at 0x1e36d3fb650 of 62 bytes failed: Seule une partie d’une requête ReadProcessMemory ou WriteProcessMemory a été effectuée. (0x12B)
[1119/181315.719:ERROR:process_memory_win.cc(73)] ReadMemory at 0x1e36d3fb6f0 of 60 bytes failed: Seule une partie d’une requête ReadProcessMemory ou WriteProcessMemory a été effectuée. (0x12B)
[1119/181315.719:ERROR:process_memory_win.cc(73)] ReadMemory at 0x1e36d3fb740 of 62 bytes failed: Seule une partie d’une requête ReadProcessMemory ou WriteProcessMemory a été effectuée. (0x12B)
[1119/181315.719:ERROR:process_memory_win.cc(73)] ReadMemory at 0x1e36d3fb790 of 62 bytes failed: Seule une partie d’une requête ReadProcessMemory ou WriteProcessMemory a été effectuée. (0x12B)
[1119/181315.719:ERROR:process_memory_win.cc(73)] ReadMemory at 0x1e36d3fb880 of 58 bytes failed: Seule une partie d’une requête ReadProcessMemory ou WriteProcessMemory a été effectuée. (0x12B)
[1119/181315.719:ERROR:process_memory_win.cc(73)] ReadMemory at 0x1e36d3fb8d0 of 64 bytes failed: Seule une partie d’une requête ReadProcessMemory ou WriteProcessMemory a été effectuée. (0x12B)
[1119/181315.719:ERROR:process_memory_win.cc(73)] ReadMemory at 0x1e36d3fb920 of 64 bytes failed: Seule une partie d’une requête ReadProcessMemory ou WriteProcessMemory a été effectuée. (0x12B)
[1119/181315.720:ERROR:process_memory_win.cc(73)] ReadMemory at 0x1e36d3fba60 of 64 bytes failed: Seule une partie d’une requête ReadProcessMemory ou WriteProcessMemory a été effectuée. (0x12B)
[1119/181315.720:ERROR:process_memory_win.cc(73)] ReadMemory at 0x1e36d3fbab0 of 62 bytes failed: Seule une partie d’une requête ReadProcessMemory ou WriteProcessMemory a été effectuée. (0x12B)
[1119/181315.720:ERROR:process_memory_win.cc(73)] ReadMemory at 0x1e36d3fbb00 of 62 bytes failed: Seule une partie d’une requête ReadProcessMemory ou WriteProcessMemory a été effectuée. (0x12B)
[1119/181315.720:ERROR:process_memory_win.cc(73)] ReadMemory at 0x1e36d3fbb50 of 60 bytes failed: Seule une partie d’une requête ReadProcessMemory ou WriteProcessMemory a été effectuée. (0x12B)
[1119/181315.720:ERROR:process_memory_win.cc(73)] ReadMemory at 0x1e36d3fbc40 of 64 bytes failed: Seule une partie d’une requête ReadProcessMemory ou WriteProcessMemory a été effectuée. (0x12B)
[1119/181315.720:ERROR:process_memory_win.cc(73)] ReadMemory at 0x1e36d3fbd30 of 60 bytes failed: Seule une partie d’une requête ReadProcessMemory ou WriteProcessMemory a été effectuée. (0x12B)
[1119/181315.720:ERROR:process_memory_win.cc(73)] ReadMemory at 0x1e36d3fbd80 of 60 bytes failed: Seule une partie d’une requête ReadProcessMemory ou WriteProcessMemory a été effectuée. (0x12B)
[1119/181315.720:ERROR:process_memory_win.cc(73)] ReadMemory at 0x1e36d3fbe70 of 64 bytes failed: Seule une partie d’une requête ReadProcessMemory ou WriteProcessMemory a été effectuée. (0x12B)
[1119/181315.720:ERROR:process_memory_win.cc(73)] ReadMemory at 0x1e36d3fd700 of 132 bytes failed: Seule une partie d’une requête ReadProcessMemory ou WriteProcessMemory a été effectuée. (0x12B)
[1119/181315.720:ERROR:process_memory_win.cc(73)] ReadMemory at 0x1e36d400330 of 168 bytes failed: Seule une partie d’une requête ReadProcessMemory ou WriteProcessMemory a été effectuée. (0x12B)
[1119/181315.720:ERROR:process_memory_win.cc(73)] ReadMemory at 0x1e36d403db0 of 132 bytes failed: Seule une partie d’une requête ReadProcessMemory ou WriteProcessMemory a été effectuée. (0x12B)
[1119/181315.720:ERROR:process_memory_win.cc(73)] ReadMemory at 0x1e36d404280 of 132 bytes failed: Seule une partie d’une requête ReadProcessMemory ou WriteProcessMemory a été effectuée. (0x12B)
[1119/181315.721:ERROR:process_memory_win.cc(73)] ReadMemory at 0x1e36d4043b0 of 132 bytes failed: Seule une partie d’une requête ReadProcessMemory ou WriteProcessMemory a été effectuée. (0x12B)
[1119/181315.721:ERROR:process_memory_win.cc(73)] ReadMemory at 0x1e36d4049a0 of 132 bytes failed: Seule une partie d’une requête ReadProcessMemory ou WriteProcessMemory a été effectuée. (0x12B)
[1119/181315.721:ERROR:process_memory_win.cc(73)] ReadMemory at 0x1e36d404c00 of 132 bytes failed: Seule une partie d’une requête ReadProcessMemory ou WriteProcessMemory a été effectuée. (0x12B)
[1119/181315.721:ERROR:process_memory_win.cc(73)] ReadMemory at 0x1e36d405450 of 132 bytes failed: Seule une partie d’une requête ReadProcessMemory ou WriteProcessMemory a été effectuée. (0x12B)
[1119/181315.721:ERROR:process_memory_win.cc(73)] ReadMemory at 0x1e36d405580 of 132 bytes failed: Seule une partie d’une requête ReadProcessMemory ou WriteProcessMemory a été effectuée. (0x12B)
[1119/181315.721:ERROR:process_memory_win.cc(73)] ReadMemory at 0x1e36d4057e0 of 132 bytes failed: Seule une partie d’une requête ReadProcessMemory ou WriteProcessMemory a été effectuée. (0x12B)
[1119/181315.721:ERROR:process_memory_win.cc(73)] ReadMemory at 0x1e36d405910 of 132 bytes failed: Seule une partie d’une requête ReadProcessMemory ou WriteProcessMemory a été effectuée. (0x12B)
[1119/181315.721:ERROR:process_memory_win.cc(73)] ReadMemory at 0x1e36d405b70 of 132 bytes failed: Seule une partie d’une requête ReadProcessMemory ou WriteProcessMemory a été effectuée. (0x12B)
[1119/181315.721:ERROR:process_memory_win.cc(73)] ReadMemory at 0x1e36d405ca0 of 132 bytes failed: Seule une partie d’une requête ReadProcessMemory ou WriteProcessMemory a été effectuée. (0x12B)
[1119/181315.721:ERROR:process_memory_win.cc(73)] ReadMemory at 0x1e36d406150 of 80 bytes failed: Seule une partie d’une requête ReadProcessMemory ou WriteProcessMemory a été effectuée. (0x12B)
[1119/181315.721:ERROR:process_memory_win.cc(73)] ReadMemory at 0x1e36d4061b0 of 76 bytes failed: Seule une partie d’une requête ReadProcessMemory ou WriteProcessMemory a été effectuée. (0x12B)
[1119/181315.721:ERROR:process_memory_win.cc(73)] ReadMemory at 0x1e36d4189a0 of 512 bytes failed: Seule une partie d’une requête ReadProcessMemory ou WriteProcessMemory a été effectuée. (0x12B)
[1119/181315.721:ERROR:process_memory_win.cc(73)] ReadMemory at 0x1e36d4ad520 of 512 bytes failed: Seule une partie d’une requête ReadProcessMemory ou WriteProcessMemory a été effectuée. (0x12B)
[1119/181315.721:ERROR:process_memory_win.cc(73)] ReadMemory at 0x1e36d930000 of 384 bytes failed: Seule une partie d’une requête ReadProcessMemory ou WriteProcessMemory a été effectuée. (0x12B)
[1119/181315.721:ERROR:process_memory_win.cc(73)] ReadMemory at 0x1e36d9366d0 of 512 bytes failed: Seule une partie d’une requête ReadProcessMemory ou WriteProcessMemory a été effectuée. (0x12B)
[1119/181315.722:ERROR:process_memory_win.cc(73)] ReadMemory at 0x1e36d97d400 of 512 bytes failed: Seule une partie d’une requête ReadProcessMemory ou WriteProcessMemory a été effectuée. (0x12B)
[1119/181315.722:ERROR:process_memory_win.cc(73)] ReadMemory at 0x1e36d988c58 of 512 bytes failed: Seule une partie d’une requête ReadProcessMemory ou WriteProcessMemory a été effectuée. (0x12B)
[1119/181315.722:ERROR:process_memory_win.cc(73)] ReadMemory at 0x1e36d98d6a0 of 512 bytes failed: Seule une partie d’une requête ReadProcessMemory ou WriteProcessMemory a été effectuée. (0x12B)
[1119/181315.722:ERROR:process_memory_win.cc(73)] ReadMemory at 0x1e36d98dcc0 of 688 bytes failed: Seule une partie d’une requête ReadProcessMemory ou WriteProcessMemory a été effectuée. (0x12B)
[1119/181315.722:ERROR:process_memory_win.cc(73)] ReadMemory at 0x1e36da13410 of 512 bytes failed: Seule une partie d’une requête ReadProcessMemory ou WriteProcessMemory a été effectuée. (0x12B)
[1119/181315.722:ERROR:process_memory_win.cc(73)] ReadMemory at 0x1e36f9e0000 of 384 bytes failed: Seule une partie d’une requête ReadProcessMemory ou WriteProcessMemory a été effectuée. (0x12B)
[1119/181315.722:ERROR:process_memory_win.cc(73)] ReadMemory at 0x1e36f9e8bd0 of 560 bytes failed: Seule une partie d’une requête ReadProcessMemory ou WriteProcessMemory a été effectuée. (0x12B)
[1119/181315.722:ERROR:process_memory_win.cc(73)] ReadMemory at 0x1e36fa6c550 of 512 bytes failed: Seule une partie d’une requête ReadProcessMemory ou WriteProcessMemory a été effectuée. (0x12B)
[1119/181315.722:ERROR:process_memory_win.cc(73)] ReadMemory at 0x1e370036a81 of 703 bytes failed: Seule une partie d’une requête ReadProcessMemory ou WriteProcessMemory a été effectuée. (0x12B)
[1119/181315.722:ERROR:process_memory_win.cc(73)] ReadMemory at 0x1e370176a28 of 512 bytes failed: Seule une partie d’une requête ReadProcessMemory ou WriteProcessMemory a été effectuée. (0x12B)
[1119/181315.722:ERROR:process_memory_win.cc(73)] ReadMemory at 0x2181080a1699 of 512 bytes failed: Seule une partie d’une requête ReadProcessMemory ou WriteProcessMemory a été effectuée. (0x12B)
[1119/181315.722:ERROR:process_memory_win.cc(73)] ReadMemory at 0x2181081797bc of 512 bytes failed: Seule une partie d’une requête ReadProcessMemory ou WriteProcessMemory a été effectuée. (0x12B)
[1119/181315.722:ERROR:process_memory_win.cc(73)] ReadMemory at 0x460b00000000 of 391 bytes failed: Seule une partie d’une requête ReadProcessMemory ou WriteProcessMemory a été effectuée. (0x12B)
[1119/181315.722:ERROR:process_memory_win.cc(73)] ReadMemory at 0x460b0824a255 of 531 bytes failed: Seule une partie d’une requête ReadProcessMemory ou WriteProcessMemory a été effectuée. (0x12B)
[1119/181315.723:ERROR:process_memory_win.cc(73)] ReadMemory at 0x7ff646f6e061 of 512 bytes failed: Seule une partie d’une requête ReadProcessMemory ou WriteProcessMemory a été effectuée. (0x12B)
[1119/181315.723:ERROR:process_memory_win.cc(73)] ReadMemory at 0x7ffd784a559e of 512 bytes failed: Seule une partie d’une requête ReadProcessMemory ou WriteProcessMemory a été effectuée. (0x12B)
[1119/181315.723:ERROR:process_memory_win.cc(73)] ReadMemory at 0x7ffd78617320 of 512 bytes failed: Seule une partie d’une requête ReadProcessMemory ou WriteProcessMemory a été effectuée. (0x12B)
[1119/181315.723:ERROR:process_memory_win.cc(73)] ReadMemory at 0x7ffd7898b89c of 512 bytes failed: Seule une partie d’une requête ReadProcessMemory ou WriteProcessMemory a été effectuée. (0x12B)
[1119/181315.723:ERROR:process_memory_win.cc(73)] ReadMemory at 0x7ffd7e0e0260 of 512 bytes failed: Seule une partie d’une requête ReadProcessMemory ou WriteProcessMemory a été effectuée. (0x12B)
[1119/181315.723:ERROR:process_memory_win.cc(73)] ReadMemory at 0x7ffd7ec817d8 of 512 bytes failed: Seule une partie d’une requête ReadProcessMemory ou WriteProcessMemory a été effectuée. (0x12B)
[1119/181315.723:ERROR:process_memory_win.cc(73)] ReadMemory at 0x7ffdfa8f3aa9 of 512 bytes failed: Seule une partie d’une requête ReadProcessMemory ou WriteProcessMemory a été effectuée. (0x12B)
[1119/181315.723:ERROR:process_memory_win.cc(73)] ReadMemory at 0x7ffdfca21fd0 of 512 bytes failed: Seule une partie d’une requête ReadProcessMemory ou WriteProcessMemory a été effectuée. (0x12B)
[1119/181315.723:ERROR:process_memory_win.cc(73)] ReadMemory at 0x7ffdfcb9c6f4 of 672 bytes failed: Seule une partie d’une requête ReadProcessMemory ou WriteProcessMemory a été effectuée. (0x12B)
[1119/181315.723:ERROR:process_memory_win.cc(73)] ReadMemory at 0x7ffdfcb9ccf4 of 512 bytes failed: Seule une partie d’une requête ReadProcessMemory ou WriteProcessMemory a été effectuée. (0x12B)
[1119/181315.723:ERROR:process_memory_win.cc(73)] ReadMemory at 0x7ffdfcb9de04 of 512 bytes failed: Seule une partie d’une requête ReadProcessMemory ou WriteProcessMemory a été effectuée. (0x12B)
[1119/181315.723:ERROR:process_memory_win.cc(73)] ReadMemory at 0x7ffdfcb9ffa4 of 608 bytes failed: Seule une partie d’une requête ReadProcessMemory ou WriteProcessMemory a été effectuée. (0x12B)
[1119/181315.723:ERROR:process_memory_win.cc(73)] ReadMemory at 0x7ffdfcc2c428 of 18 bytes failed: Seule une partie d’une requête ReadProcessMemory ou WriteProcessMemory a été effectuée. (0x12B)
[1119/181315.723:ERROR:process_memory_win.cc(73)] ReadMemory at 0x7ffdfcc5f4f8 of 40 bytes failed: Seule une partie d’une requête ReadProcessMemory ou WriteProcessMemory a été effectuée. (0x12B)
[1119/181315.724:ERROR:process_memory_win.cc(73)] ReadMemory at 0x7ffdfcc5f978 of 48 bytes failed: Seule une partie d’une requête ReadProcessMemory ou WriteProcessMemory a été effectuée. (0x12B)
[1119/181315.724:ERROR:process_memory_win.cc(73)] ReadMemory at 0x7ffdfcc653c0 of 64 bytes failed: Seule une partie d’une requête ReadProcessMemory ou WriteProcessMemory a été effectuée. (0x12B)
[1119/181315.725:ERROR:scoped_process_suspend.cc(40)] NtResumeProcess: Tentative d’accès à un processus en cours d’arrêt. (0xc000010a)
[1120/002307.566:ERROR:directory_reader_win.cc(43)] FindFirstFile: Le chemin d’accès spécifié est introuvable. (0x3)
[1121/182604.438:ERROR:directory_reader_win.cc(43)] FindFirstFile: Le chemin d’accès spécifié est introuvable. (0x3)
